<?xml version="1.0" encoding="UTF-8"?>
<!-- Generated by org.testng.reporters.JUnitReportReporter -->
<testsuite hostname="INBLRSE2900357" name="com.nttdata.test.NewTest" tests="1" failures="0" timestamp="10 May 2017 13:23:51 GMT" time="17.098" errors="0">
  <testcase name="AddBook" time="17.098" classname="com.nttdata.test.NewTest"/>
</testsuite> <!-- com.nttdata.test.NewTest -->
